<?xml version="1.0" encoding="UTF-8"?>
<testsuite name="io.honeymon.springboot.multimodule.batch.BatchApplicationTest" tests="1" skipped="0" failures="0" errors="0" timestamp="2018-07-02T08:46:21" hostname="gimjiheon-ui-MacBook-Pro.local" time="0.087">
  <properties/>
  <testcase name="contextLoaded" classname="io.honeymon.springboot.multimodule.batch.BatchApplicationTest" time="0.087"/>
  <system-out><![CDATA[17:46:19.315 [Test worker] DEBUG org.springframework.test.context.junit4.SpringJUnit4ClassRunner - SpringJUnit4ClassRunner constructor called with [class io.honeymon.springboot.multimodule.batch.BatchApplicationTest]
17:46:19.323 [Test worker] DEBUG org.springframework.test.context.BootstrapUtils - Instantiating CacheAwareContextLoaderDelegate from class [org.springframework.test.context.cache.DefaultCacheAwareContextLoaderDelegate]
17:46:19.329 [Test worker] DEBUG org.springframework.test.context.BootstrapUtils - Instantiating BootstrapContext using constructor [public org.springframework.test.context.support.DefaultBootstrapContext(java.lang.Class,org.springframework.test.context.CacheAwareContextLoaderDelegate)]
17:46:19.345 [Test worker] DEBUG org.springframework.test.context.BootstrapUtils - Instantiating TestContextBootstrapper for test class [io.honeymon.springboot.multimodule.batch.BatchApplicationTest] from class [org.springframework.boot.test.context.SpringBootTestContextBootstrapper]
17:46:19.359 [Test worker] INFO org.springframework.boot.test.context.SpringBootTestContextBootstrapper - Neither @ContextConfiguration nor @ContextHierarchy found for test class [io.honeymon.springboot.multimodule.batch.BatchApplicationTest], using SpringBootContextLoader
17:46:19.362 [Test worker] DEBUG org.springframework.test.context.support.AbstractContextLoader - Did not detect default resource location for test class [io.honeymon.springboot.multimodule.batch.BatchApplicationTest]: class path resource [io/honeymon/springboot/multimodule/batch/BatchApplicationTest-context.xml] does not exist
17:46:19.362 [Test worker] DEBUG org.springframework.test.context.support.AbstractContextLoader - Did not detect default resource location for test class [io.honeymon.springboot.multimodule.batch.BatchApplicationTest]: class path resource [io/honeymon/springboot/multimodule/batch/BatchApplicationTestContext.groovy] does not exist
17:46:19.362 [Test worker] INFO org.springframework.test.context.support.AbstractContextLoader - Could not detect default resource locations for test class [io.honeymon.springboot.multimodule.batch.BatchApplicationTest]: no resource found for suffixes {-context.xml, Context.groovy}.
17:46:19.363 [Test worker] INFO org.springframework.test.context.support.AnnotationConfigContextLoaderUtils - Could not detect default configuration classes for test class [io.honeymon.springboot.multimodule.batch.BatchApplicationTest]: BatchApplicationTest does not declare any static, non-private, non-final, nested classes annotated with @Configuration.
17:46:19.401 [Test worker] DEBUG org.springframework.core.env.StandardEnvironment - Adding PropertySource 'systemProperties' with lowest search precedence
17:46:19.402 [Test worker] DEBUG org.springframework.core.env.StandardEnvironment - Adding PropertySource 'systemEnvironment' with lowest search precedence
17:46:19.403 [Test worker] DEBUG org.springframework.core.env.StandardEnvironment - Initialized StandardEnvironment with PropertySources [MapPropertySource@1125886500 {name='systemProperties', properties={java.runtime.name=Java(TM) SE Runtime Environment, sun.boot.library.path=/Library/Java/JavaVirtualMachines/jdk1.8.0_162.jdk/Contents/Home/jre/lib, java.vm.version=25.162-b12, gopherProxySet=false, java.vm.vendor=Oracle Corporation, java.vendor.url=http://java.oracle.com/, path.separator=:, java.vm.name=Java HotSpot(TM) 64-Bit Server VM, file.encoding.pkg=sun.io, sun.java.launcher=SUN_STANDARD, user.country=KR, sun.os.patch.level=unknown, java.vm.specification.name=Java Virtual Machine Specification, user.dir=/Users/gimjiheon/woowa-repos/multi-module/batch-module, java.runtime.version=1.8.0_162-b12, java.awt.graphicsenv=sun.awt.CGraphicsEnvironment, java.endorsed.dirs=/Library/Java/JavaVirtualMachines/jdk1.8.0_162.jdk/Contents/Home/jre/lib/endorsed, os.arch=x86_64, java.io.tmpdir=/var/folders/4f/35j1s5qd5lb85g7t81h63gmm0000gn/T/, line.separator=
, java.vm.specification.vendor=Oracle Corporation, user.variant=, os.name=Mac OS X, sun.jnu.encoding=UTF-8, java.library.path=/Users/gimjiheon/Library/Java/Extensions:/Library/Java/Extensions:/Network/Library/Java/Extensions:/System/Library/Java/Extensions:/usr/lib/java:., java.specification.name=Java Platform API Specification, java.class.version=52.0, org.gradle.native=false, sun.management.compiler=HotSpot 64-Bit Tiered Compilers, os.version=10.13.5, http.nonProxyHosts=local|*.local|169.254/16|*.169.254/16, user.home=/Users/gimjiheon, user.timezone=Asia/Seoul, java.awt.printerjob=sun.lwawt.macosx.CPrinterJob, file.encoding=UTF-8, java.specification.version=1.8, java.class.path=/Users/gimjiheon/woowa-repos/multi-module/batch-module/build/classes/java/test:/Users/gimjiheon/woowa-repos/multi-module/batch-module/build/resources/test:/Users/gimjiheon/woowa-repos/multi-module/batch-module/build/classes/java/main:/Users/gimjiheon/woowa-repos/multi-module/batch-module/build/resources/main:/Users/gimjiheon/woowa-repos/multi-module/core-module/build/libs/core-module-0.0.1-SNAPSHOT.jar:/Users/gimjiheon/.gradle/caches/modules-2/files-2.1/org.springframework.boot/spring-boot-starter-batch/2.0.3.RELEASE/f77c448c695ce2de91dc7830259b99522d911f76/spring-boot-starter-batch-2.0.3.RELEASE.jar:/Users/gimjiheon/.gradle/caches/modules-2/files-2.1/org.springframework.boot/spring-boot-starter-test/2.0.3.RELEASE/1c624b1cc217bac010abce7a28df8169af4a7fa0/spring-boot-starter-test-2.0.3.RELEASE.jar:/Users/gimjiheon/.gradle/caches/modules-2/files-2.1/org.springframework.boot/spring-boot-starter-data-jpa/2.0.3.RELEASE/56c909f49b5385793942158e143187ecc8c7b54a/spring-boot-starter-data-jpa-2.0.3.RELEASE.jar:/Users/gimjiheon/.gradle/caches/modules-2/files-2.1/org.flywaydb/flyway-core/5.0.7/71b796e103987cf8f24068f1f5490fac8f8e1126/flyway-core-5.0.7.jar:/Users/gimjiheon/.gradle/caches/modules-2/files-2.1/org.projectlombok/lombok/1.16.22/e555426550f54284fefb09065f2123a1d9be0b73/lombok-1.16.22.jar:/Users/gimjiheon/.gradle/caches/modules-2/files-2.1/org.springframework.boot/spring-boot-starter-jdbc/2.0.3.RELEASE/4f5f3411692a0f5efb60f7f583bdfcf49199a3d4/spring-boot-starter-jdbc-2.0.3.RELEASE.jar:/Users/gimjiheon/.gradle/caches/modules-2/files-2.1/org.springframework.boot/spring-boot-starter-aop/2.0.3.RELEASE/a78c7bc25fd51b217f078421dc40d13ddc3b9f8f/spring-boot-starter-aop-2.0.3.RELEASE.jar:/Users/gimjiheon/.gradle/caches/modules-2/files-2.1/org.springframework.boot/spring-boot-starter/2.0.3.RELEASE/ffaa050dbd36b0441645598f1a7ddaf67fd5e678/spring-boot-starter-2.0.3.RELEASE.jar:/Users/gimjiheon/.gradle/caches/modules-2/files-2.1/org.springframework.boot/spring-boot-starter-logging/2.0.3.RELEASE/7caad34f01d2688919e15e09a90467963e3d5190/spring-boot-starter-logging-2.0.3.RELEASE.jar:/Users/gimjiheon/.gradle/caches/modules-2/files-2.1/com.h2database/h2/1.4.197/bb391050048ca8ae3e32451b5a3714ecd3596a46/h2-1.4.197.jar:/Users/gimjiheon/.gradle/caches/modules-2/files-2.1/com.microsoft.sqlserver/mssql-jdbc/6.2.2.jre8/a9ee2b0234f623f49fad888550011035b99d0861/mssql-jdbc-6.2.2.jre8.jar:/Users/gimjiheon/.gradle/caches/modules-2/files-2.1/mysql/mysql-connector-java/5.1.46/9a3e63b387e376364211e96827bc27db8d7a92e9/mysql-connector-java-5.1.46.jar:/Users/gimjiheon/.gradle/caches/modules-2/files-2.1/org.springframework.batch/spring-batch-core/4.0.1.RELEASE/90526cfd8fc8fe4b937ff667717a147a5c1b218b/spring-batch-core-4.0.1.RELEASE.jar:/Users/gimjiheon/.gradle/caches/modules-2/files-2.1/org.springframework.boot/spring-boot-test-autoconfigure/2.0.3.RELEASE/54e7d2167f2b926bf16a0ef8b91b6bfbd43826e7/spring-boot-test-autoconfigure-2.0.3.RELEASE.jar:/Users/gimjiheon/.gradle/caches/modules-2/files-2.1/org.springframework.boot/spring-boot-test/2.0.3.RELEASE/5c9b4bb6cfce9ef6e53a0ff5fc4a7ff2867871d8/spring-boot-test-2.0.3.RELEASE.jar:/Users/gimjiheon/.gradle/caches/modules-2/files-2.1/com.jayway.jsonpath/json-path/2.4.0/765a4401ceb2dc8d40553c2075eb80a8fa35c2ae/json-path-2.4.0.jar:/Users/gimjiheon/.gradle/caches/modules-2/files-2.1/junit/junit/4.12/2973d150c0dc1fefe998f834810d68f278ea58ec/junit-4.12.jar:/Users/gimjiheon/.gradle/caches/modules-2/files-2.1/org.assertj/assertj-core/3.9.1/c5ce126b15f28d56cd8f960c1a6a058b9c9aea87/assertj-core-3.9.1.jar:/Users/gimjiheon/.gradle/caches/modules-2/files-2.1/org.mockito/mockito-core/2.15.0/b84bfbbc29cd22c9529409627af6ea2897f4fa85/mockito-core-2.15.0.jar:/Users/gimjiheon/.gradle/caches/modules-2/files-2.1/org.hamcrest/hamcrest-library/1.3/4785a3c21320980282f9f33d0d1264a69040538f/hamcrest-library-1.3.jar:/Users/gimjiheon/.gradle/caches/modules-2/files-2.1/org.hamcrest/hamcrest-core/1.3/42a25dc3219429f0e5d060061f71acb49bf010a0/hamcrest-core-1.3.jar:/Users/gimjiheon/.gradle/caches/modules-2/files-2.1/org.skyscreamer/jsonassert/1.5.0/6c9d5fe2f59da598d9aefc1cfc6528ff3cf32df3/jsonassert-1.5.0.jar:/Users/gimjiheon/.gradle/caches/modules-2/files-2.1/org.springframework/spring-test/5.0.7.RELEASE/bcb7505a316ea34b7e9a7ae5d4921be5b475c02d/spring-test-5.0.7.RELEASE.jar:/Users/gimjiheon/.gradle/caches/modules-2/files-2.1/org.springframework.data/spring-data-jpa/2.0.8.RELEASE/8b874afd15da2b4d2d9b8431ad2be0c6829e41fe/spring-data-jpa-2.0.8.RELEASE.jar:/Users/gimjiheon/.gradle/caches/modules-2/files-2.1/org.springframework.boot/spring-boot-autoconfigure/2.0.3.RELEASE/11bc4cc96b08fabad2b3186755818fa0b32d83f/spring-boot-autoconfigure-2.0.3.RELEASE.jar:/Users/gimjiheon/.gradle/caches/modules-2/files-2.1/org.springframework.boot/spring-boot/2.0.3.RELEASE/b874870d915adbc3dd932e19077d3d45c8e54aa0/spring-boot-2.0.3.RELEASE.jar:/Users/gimjiheon/.gradle/caches/modules-2/files-2.1/org.springframework/spring-orm/5.0.7.RELEASE/4deed5f4a38d62f9dba7db8e010da8b49e322757/spring-orm-5.0.7.RELEASE.jar:/Users/gimjiheon/.gradle/caches/modules-2/files-2.1/org.springframework/spring-jdbc/5.0.7.RELEASE/9c78c6b9a6c603f6589b480e165939cde7bab7f9/spring-jdbc-5.0.7.RELEASE.jar:/Users/gimjiheon/.gradle/caches/modules-2/files-2.1/org.springframework.batch/spring-batch-infrastructure/4.0.1.RELEASE/e0f1d359cc3c91d8a0cb129f9dfed8fc018cfabd/spring-batch-infrastructure-4.0.1.RELEASE.jar:/Users/gimjiheon/.gradle/caches/modules-2/files-2.1/org.springframework/spring-context/5.0.7.RELEASE/243a23f8968de8754d8199d669780d683ab177bd/spring-context-5.0.7.RELEASE.jar:/Users/gimjiheon/.gradle/caches/modules-2/files-2.1/org.springframework/spring-aop/5.0.7.RELEASE/fdd0b6aa3c9c7a188c3bfbf6dfd8d40e843be9ef/spring-aop-5.0.7.RELEASE.jar:/Users/gimjiheon/.gradle/caches/modules-2/files-2.1/org.springframework/spring-tx/5.0.7.RELEASE/4ca59b21c61162adb146ad1b40c30b60d8dc42b8/spring-tx-5.0.7.RELEASE.jar:/Users/gimjiheon/.gradle/caches/modules-2/files-2.1/org.springframework.data/spring-data-commons/2.0.8.RELEASE/5c19af63b5acb0eab39066684e813d5ecd9d03b7/spring-data-commons-2.0.8.RELEASE.jar:/Users/gimjiheon/.gradle/caches/modules-2/files-2.1/org.springframework/spring-beans/5.0.7.RELEASE/c1196cb3e56da83e3c3a02ef323699f4b05feedc/spring-beans-5.0.7.RELEASE.jar:/Users/gimjiheon/.gradle/caches/modules-2/files-2.1/org.springframework.retry/spring-retry/1.2.2.RELEASE/638928732585c450e461f0a132b6834ad7cf3af0/spring-retry-1.2.2.RELEASE.jar:/Users/gimjiheon/.gradle/caches/modules-2/files-2.1/org.springframework/spring-expression/5.0.7.RELEASE/ca01fb473f53dd0ee3c85663b26d5dc325602057/spring-expression-5.0.7.RELEASE.jar:/Users/gimjiheon/.gradle/caches/modules-2/files-2.1/org.springframework/spring-core/5.0.7.RELEASE/54b731178d81e66eca9623df772ff32718208137/spring-core-5.0.7.RELEASE.jar:/Users/gimjiheon/.gradle/caches/modules-2/files-2.1/org.xmlunit/xmlunit-core/2.5.1/4ffdb346572a7356f7521cd3119ce5287d2e339d/xmlunit-core-2.5.1.jar:/Users/gimjiheon/.gradle/caches/modules-2/files-2.1/org.hibernate/hibernate-core/5.2.17.Final/f2dc36470e7a2ffcf6106bb1625ecf5b54bb5f65/hibernate-core-5.2.17.Final.jar:/Users/gimjiheon/.gradle/caches/modules-2/files-2.1/javax.transaction/javax.transaction-api/1.2/d81aff979d603edd90dcd8db2abc1f4ce6479e3e/javax.transaction-api-1.2.jar:/Users/gimjiheon/.gradle/caches/modules-2/files-2.1/org.springframework/spring-aspects/5.0.7.RELEASE/afd3f7ecb9d7c2cb3160563f9f64b72223bb0265/spring-aspects-5.0.7.RELEASE.jar:/Users/gimjiheon/.gradle/caches/modules-2/files-2.1/ch.qos.logback/logback-classic/1.2.3/7c4f3c474fb2c041d8028740440937705ebb473a/logback-classic-1.2.3.jar:/Users/gimjiheon/.gradle/caches/modules-2/files-2.1/org.apache.logging.log4j/log4j-to-slf4j/2.10.0/f7e631ccf49cfc0aefa4a2a728da7d374c05bd3c/log4j-to-slf4j-2.10.0.jar:/Users/gimjiheon/.gradle/caches/modules-2/files-2.1/org.slf4j/jul-to-slf4j/1.7.25/af5364cd6679bfffb114f0dec8a157aaa283b76/jul-to-slf4j-1.7.25.jar:/Users/gimjiheon/.gradle/caches/modules-2/files-2.1/javax.annotation/javax.annotation-api/1.3.2/934c04d3cfef185a8008e7bf34331b79730a9d43/javax.annotation-api-1.3.2.jar:/Users/gimjiheon/.gradle/caches/modules-2/files-2.1/org.yaml/snakeyaml/1.19/2d998d3d674b172a588e54ab619854d073f555b5/snakeyaml-1.19.jar:/Users/gimjiheon/.gradle/caches/modules-2/files-2.1/com.zaxxer/HikariCP/2.7.9/a83113d2c091d0d0f853dad3217bd7df3beb6ae3/HikariCP-2.7.9.jar:/Users/gimjiheon/.gradle/caches/modules-2/files-2.1/com.fasterxml.jackson.core/jackson-databind/2.9.6/cfa4f316351a91bfd95cb0644c6a2c95f52db1fc/jackson-databind-2.9.6.jar:/Users/gimjiheon/.gradle/caches/modules-2/files-2.1/javax.batch/javax.batch-api/1.0/65392d027a6eb369fd9fcd1b75cae150e25ac03c/javax.batch-api-1.0.jar:/Users/gimjiheon/.gradle/caches/modules-2/files-2.1/org.codehaus.jettison/jettison/1.2/765a6181653f4b05c18c7a9e8f5c1f8269bf9b2/jettison-1.2.jar:/Users/gimjiheon/.gradle/caches/modules-2/files-2.1/net.minidev/json-smart/2.3/7396407491352ce4fa30de92efb158adb76b5b/json-smart-2.3.jar:/Users/gimjiheon/.gradle/caches/modules-2/files-2.1/org.slf4j/slf4j-api/1.7.25/da76ca59f6a57ee3102f8f9bd9cee742973efa8a/slf4j-api-1.7.25.jar:/Users/gimjiheon/.gradle/caches/modules-2/files-2.1/net.bytebuddy/byte-buddy/1.7.11/f02857a4e2c66ccbe7aaad6100a0a6c461bce9b3/byte-buddy-1.7.11.jar:/Users/gimjiheon/.gradle/caches/modules-2/files-2.1/net.bytebuddy/byte-buddy-agent/1.7.11/b425a8933ca07edd03c6dbc8bc3b595fba9780de/byte-buddy-agent-1.7.11.jar:/Users/gimjiheon/.gradle/caches/modules-2/files-2.1/org.objenesis/objenesis/2.6/639033469776fd37c08358c6b92a4761feb2af4b/objenesis-2.6.jar:/Users/gimjiheon/.gradle/caches/modules-2/files-2.1/com.vaadin.external.google/android-json/0.0.20131108.vaadin1/fa26d351fe62a6a17f5cda1287c1c6110dec413f/android-json-0.0.20131108.vaadin1.jar:/Users/gimjiheon/.gradle/caches/modules-2/files-2.1/org.springframework/spring-jcl/5.0.7.RELEASE/699016ddf454c2c167d9f84ae5777eccadf54728/spring-jcl-5.0.7.RELEASE.jar:/Users/gimjiheon/.gradle/caches/modules-2/files-2.1/org.aspectj/aspectjweaver/1.8.13/ad94df2a28d658a40dc27bbaff6a1ce5fbf04e9b/aspectjweaver-1.8.13.jar:/Users/gimjiheon/.gradle/caches/modules-2/files-2.1/org.hibernate.common/hibernate-commons-annotations/5.0.1.Final/71e1cff3fcb20d3b3af4f3363c3ddb24d33c6879/hibernate-commons-annotations-5.0.1.Final.jar:/Users/gimjiheon/.gradle/caches/modules-2/files-2.1/org.jboss.logging/jboss-logging/3.3.2.Final/3789d00e859632e6c6206adc0c71625559e6e3b0/jboss-logging-3.3.2.Final.jar:/Users/gimjiheon/.gradle/caches/modules-2/files-2.1/org.hibernate.javax.persistence/hibernate-jpa-2.1-api/1.0.2.Final/52afb5762c704a6b586e27742470c08f91877fc1/hibernate-jpa-2.1-api-1.0.2.Final.jar:/Users/gimjiheon/.gradle/caches/modules-2/files-2.1/org.javassist/javassist/3.22.0-GA/3e83394258ae2089be7219b971ec21a8288528ad/javassist-3.22.0-GA.jar:/Users/gimjiheon/.gradle/caches/modules-2/files-2.1/antlr/antlr/2.7.7/83cd2cd674a217ade95a4bb83a8a14f351f48bd0/antlr-2.7.7.jar:/Users/gimjiheon/.gradle/caches/modules-2/files-2.1/org.jboss/jandex/2.0.3.Final/bfc4d6257dbff7a33a357f0de116be6ff951d849/jandex-2.0.3.Final.jar:/Users/gimjiheon/.gradle/caches/modules-2/files-2.1/com.fasterxml/classmate/1.3.4/3d5f48f10bbe4eb7bd862f10c0583be2e0053c6/classmate-1.3.4.jar:/Users/gimjiheon/.gradle/caches/modules-2/files-2.1/dom4j/dom4j/1.6.1/5d3ccc056b6f056dbf0dddfdf43894b9065a8f94/dom4j-1.6.1.jar:/Users/gimjiheon/.gradle/caches/modules-2/files-2.1/ch.qos.logback/logback-core/1.2.3/864344400c3d4d92dfeb0a305dc87d953677c03c/logback-core-1.2.3.jar:/Users/gimjiheon/.gradle/caches/modules-2/files-2.1/org.apache.logging.log4j/log4j-api/2.10.0/fec5797a55b786184a537abd39c3fa1449d752d6/log4j-api-2.10.0.jar:/Users/gimjiheon/.gradle/caches/modules-2/files-2.1/com.fasterxml.jackson.core/jackson-annotations/2.9.0/7c10d545325e3a6e72e06381afe469fd40eb701/jackson-annotations-2.9.0.jar:/Users/gimjiheon/.gradle/caches/modules-2/files-2.1/com.fasterxml.jackson.core/jackson-core/2.9.6/4e393793c37c77e042ccc7be5a914ae39251b365/jackson-core-2.9.6.jar:/Users/gimjiheon/.gradle/caches/modules-2/files-2.1/net.minidev/accessors-smart/1.2/c592b500269bfde36096641b01238a8350f8aa31/accessors-smart-1.2.jar:/Users/gimjiheon/.gradle/caches/modules-2/files-2.1/org.ow2.asm/asm/5.0.4/da08b8cce7bbf903602a25a3a163ae252435795/asm-5.0.4.jar, user.name=gimjiheon, java.vm.specification.version=1.8, sun.java.command=worker.org.gradle.process.internal.worker.GradleWorkerMain 'Gradle Test Executor 4', java.home=/Library/Java/JavaVirtualMachines/jdk1.8.0_162.jdk/Contents/Home/jre, sun.arch.data.model=64, user.language=ko, java.specification.vendor=Oracle Corporation, awt.toolkit=sun.lwawt.macosx.LWCToolkit, java.vm.info=mixed mode, java.version=1.8.0_162, java.ext.dirs=/Users/gimjiheon/Library/Java/Extensions:/Library/Java/JavaVirtualMachines/jdk1.8.0_162.jdk/Contents/Home/jre/lib/ext:/Library/Java/Extensions:/Network/Library/Java/Extensions:/System/Library/Java/Extensions:/usr/lib/java, sun.boot.class.path=/Library/Java/JavaVirtualMachines/jdk1.8.0_162.jdk/Contents/Home/jre/lib/resources.jar:/Library/Java/JavaVirtualMachines/jdk1.8.0_162.jdk/Contents/Home/jre/lib/rt.jar:/Library/Java/JavaVirtualMachines/jdk1.8.0_162.jdk/Contents/Home/jre/lib/sunrsasign.jar:/Library/Java/JavaVirtualMachines/jdk1.8.0_162.jdk/Contents/Home/jre/lib/jsse.jar:/Library/Java/JavaVirtualMachines/jdk1.8.0_162.jdk/Contents/Home/jre/lib/jce.jar:/Library/Java/JavaVirtualMachines/jdk1.8.0_162.jdk/Contents/Home/jre/lib/charsets.jar:/Library/Java/JavaVirtualMachines/jdk1.8.0_162.jdk/Contents/Home/jre/lib/jfr.jar:/Library/Java/JavaVirtualMachines/jdk1.8.0_162.jdk/Contents/Home/jre/classes, java.vendor=Oracle Corporation, org.gradle.test.worker=4, file.separator=/, java.vendor.url.bug=http://bugreport.sun.com/bugreport/, sun.io.unicode.encoding=UnicodeBig, sun.cpu.endian=little, socksNonProxyHosts=local|*.local|169.254/16|*.169.254/16, ftp.nonProxyHosts=local|*.local|169.254/16|*.169.254/16, sun.cpu.isalist=}}, SystemEnvironmentPropertySource@641759750 {name='systemEnvironment', properties={PATH=/usr/local/opt/node@6/bin:/Users/gimjiheon/.rbenv/shims:/Users/gimjiheon/Library/Python/3.6/bin:/usr/local/opt/icu4c/sbin:/usr/local/opt/icu4c/bin:/Users/gimjiheon/.jenv/bin:/Users/gimjiheon/.jenv/candidates/maven/current/bin:/Users/gimjiheon/.jenv/candidates/java/current/bin:/Users/gimjiheon/.jenv/candidates/gradle/current/bin:/usr/local/bin:/usr/bin:/bin:/usr/sbin:/sbin, ZDOTDIR=, JAVA_HOME=/Users/gimjiheon/.jenv/candidates/java/current, JENV_PATH_ORIGINAL=/usr/local/bin:/usr/bin:/bin:/usr/sbin:/sbin, TERM=xterm-256color, RBENV_SHELL=zsh, GRADLE_HOME=/Users/gimjiheon/.jenv/candidates/gradle/current, JENV_VERSION=0.1.0, JAVA_MAIN_CLASS_23670=worker.org.gradle.process.internal.worker.GradleWorkerMain, JENV_AUTO=false, MAVEN_HOME=/Users/gimjiheon/.jenv/candidates/maven/current, JENV_DIR=/Users/gimjiheon/.jenv, LOGNAME=gimjiheon, PWD=/Users/gimjiheon/woowa-repos/multi-module, XPC_SERVICE_NAME=0, APP_NAME_23658=Gradle, JENV_SERVICE=http://get.jenv.mvnsearch.org, SHELL=/bin/zsh, PAGER=less, APP_ICON_23658=/Users/gimjiheon/woowa-repos/multi-module/media/gradle.icns, LSCOLORS=Gxfxcxdxbxegedabagacad, JAVA_MAIN_CLASS_23658=org.gradle.wrapper.GradleWrapperMain, OLDPWD=/Users/gimjiheon/woowa-repos/multi-module, SECURITYSESSIONID=186a7, USER=gimjiheon, ZSH=/Users/gimjiheon/.oh-my-zsh, TMPDIR=/var/folders/4f/35j1s5qd5lb85g7t81h63gmm0000gn/T/, SSH_AUTH_SOCK=/private/tmp/com.apple.launchd.NNGTkPLeyb/Listeners, JENV_OS_NAME=Darwin, XPC_FLAGS=0x0, M2_HOME=/Users/gimjiheon/.jenv/candidates/maven/current, JENV_MACHINE_PLATFORM=x86_64, __CF_USER_TEXT_ENCODING=0x1F5:0x3:0x33, JENV_COMMANDS=all ls candidates list update install reinstall uninstall clean pause execute exec use init config which cd version default add repo selfupdate help requirements load broadcast, Apple_PubSub_Socket_Render=/private/tmp/com.apple.launchd.xGfNyhVAfQ/Render, LESS=-R, JENV_SHELL=zsh, LC_CTYPE=ko_KR.UTF-8, SHLVL=1, HOME=/Users/gimjiheon}}]
17:46:19.414 [Test worker] DEBUG org.springframework.core.io.support.PathMatchingResourcePatternResolver - Resolved classpath location [io/honeymon/springboot/multimodule/batch/] to resources [URL [file:/Users/gimjiheon/woowa-repos/multi-module/batch-module/build/classes/java/test/io/honeymon/springboot/multimodule/batch/], URL [file:/Users/gimjiheon/woowa-repos/multi-module/batch-module/build/classes/java/main/io/honeymon/springboot/multimodule/batch/]]
17:46:19.414 [Test worker] DEBUG org.springframework.core.io.support.PathMatchingResourcePatternResolver - Looking for matching resources in directory tree [/Users/gimjiheon/woowa-repos/multi-module/batch-module/build/classes/java/test/io/honeymon/springboot/multimodule/batch]
17:46:19.415 [Test worker] DEBUG org.springframework.core.io.support.PathMatchingResourcePatternResolver - Searching directory [/Users/gimjiheon/woowa-repos/multi-module/batch-module/build/classes/java/test/io/honeymon/springboot/multimodule/batch] for files matching pattern [/Users/gimjiheon/woowa-repos/multi-module/batch-module/build/classes/java/test/io/honeymon/springboot/multimodule/batch/*.class]
17:46:19.417 [Test worker] DEBUG org.springframework.core.io.support.PathMatchingResourcePatternResolver - Looking for matching resources in directory tree [/Users/gimjiheon/woowa-repos/multi-module/batch-module/build/classes/java/main/io/honeymon/springboot/multimodule/batch]
17:46:19.417 [Test worker] DEBUG org.springframework.core.io.support.PathMatchingResourcePatternResolver - Searching directory [/Users/gimjiheon/woowa-repos/multi-module/batch-module/build/classes/java/main/io/honeymon/springboot/multimodule/batch] for files matching pattern [/Users/gimjiheon/woowa-repos/multi-module/batch-module/build/classes/java/main/io/honeymon/springboot/multimodule/batch/*.class]
17:46:19.418 [Test worker] DEBUG org.springframework.core.io.support.PathMatchingResourcePatternResolver - Resolved location pattern [classpath*:io/honeymon/springboot/multimodule/batch/*.class] to resources [file [/Users/gimjiheon/woowa-repos/multi-module/batch-module/build/classes/java/test/io/honeymon/springboot/multimodule/batch/BatchApplicationTest.class], file [/Users/gimjiheon/woowa-repos/multi-module/batch-module/build/classes/java/test/io/honeymon/springboot/multimodule/batch/DevProfilesTest.class], file [/Users/gimjiheon/woowa-repos/multi-module/batch-module/build/classes/java/main/io/honeymon/springboot/multimodule/batch/BatchModuleApplication.class]]
17:46:19.460 [Test worker] DEBUG org.springframework.context.annotation.ClassPathScanningCandidateComponentProvider - Identified candidate component class: file [/Users/gimjiheon/woowa-repos/multi-module/batch-module/build/classes/java/main/io/honeymon/springboot/multimodule/batch/BatchModuleApplication.class]
17:46:19.461 [Test worker] INFO org.springframework.boot.test.context.SpringBootTestContextBootstrapper - Found @SpringBootConfiguration io.honeymon.springboot.multimodule.batch.BatchModuleApplication for test class io.honeymon.springboot.multimodule.batch.BatchApplicationTest
17:46:19.563 [Test worker] DEBUG org.springframework.boot.test.context.SpringBootTestContextBootstrapper - @TestExecutionListeners is not present for class [io.honeymon.springboot.multimodule.batch.BatchApplicationTest]: using defaults.
17:46:19.563 [Test worker] INFO org.springframework.boot.test.context.SpringBootTestContextBootstrapper - Loaded default TestExecutionListener class names from location [META-INF/spring.factories]: [org.springframework.boot.test.autoconfigure.restdocs.RestDocsTestExecutionListener, org.springframework.boot.test.autoconfigure.web.client.MockRestServiceServerResetTestExecutionListener, org.springframework.boot.test.autoconfigure.web.servlet.MockMvcPrintOnlyOnFailureTestExecutionListener, org.springframework.boot.test.autoconfigure.web.servlet.WebDriverTestExecutionListener, org.springframework.boot.test.mock.mockito.MockitoTestExecutionListener, org.springframework.boot.test.mock.mockito.ResetMocksTestExecutionListener, org.springframework.test.context.web.ServletTestExecutionListener, org.springframework.test.context.support.DirtiesContextBeforeModesTestExecutionListener, org.springframework.test.context.support.DependencyInjectionTestExecutionListener, org.springframework.test.context.support.DirtiesContextTestExecutionListener, org.springframework.test.context.transaction.TransactionalTestExecutionListener, org.springframework.test.context.jdbc.SqlScriptsTestExecutionListener]
17:46:19.577 [Test worker] DEBUG org.springframework.boot.test.context.SpringBootTestContextBootstrapper - Skipping candidate TestExecutionListener [org.springframework.test.context.web.ServletTestExecutionListener] due to a missing dependency. Specify custom listener classes or make the default listener classes and their required dependencies available. Offending class: [javax/servlet/ServletContext]
17:46:19.584 [Test worker] INFO org.springframework.boot.test.context.SpringBootTestContextBootstrapper - Using TestExecutionListeners: [org.springframework.test.context.support.DirtiesContextBeforeModesTestExecutionListener@5b31f7f3, org.springframework.boot.test.mock.mockito.MockitoTestExecutionListener@4a2f9a8, org.springframework.boot.test.autoconfigure.SpringBootDependencyInjectionTestExecutionListener@7d86e849, org.springframework.test.context.support.DirtiesContextTestExecutionListener@ef61ed7, org.springframework.test.context.transaction.TransactionalTestExecutionListener@5aacee95, org.springframework.test.context.jdbc.SqlScriptsTestExecutionListener@49d033d1, org.springframework.boot.test.autoconfigure.restdocs.RestDocsTestExecutionListener@3de5e02, org.springframework.boot.test.autoconfigure.web.client.MockRestServiceServerResetTestExecutionListener@3de0e808, org.springframework.boot.test.autoconfigure.web.servlet.MockMvcPrintOnlyOnFailureTestExecutionListener@56167, org.springframework.boot.test.autoconfigure.web.servlet.WebDriverTestExecutionListener@4883840d, org.springframework.boot.test.mock.mockito.ResetMocksTestExecutionListener@39dced51]
17:46:19.586 [Test worker] DEBUG org.springframework.test.annotation.ProfileValueUtils - Retrieved @ProfileValueSourceConfiguration [null] for test class [io.honeymon.springboot.multimodule.batch.BatchApplicationTest]
17:46:19.587 [Test worker] DEBUG org.springframework.test.annotation.ProfileValueUtils - Retrieved ProfileValueSource type [class org.springframework.test.annotation.SystemProfileValueSource] for class [io.honeymon.springboot.multimodule.batch.BatchApplicationTest]
17:46:19.587 [Test worker] DEBUG org.springframework.test.annotation.ProfileValueUtils - Retrieved @ProfileValueSourceConfiguration [null] for test class [io.honeymon.springboot.multimodule.batch.BatchApplicationTest]
17:46:19.587 [Test worker] DEBUG org.springframework.test.annotation.ProfileValueUtils - Retrieved ProfileValueSource type [class org.springframework.test.annotation.SystemProfileValueSource] for class [io.honeymon.springboot.multimodule.batch.BatchApplicationTest]
17:46:19.590 [Test worker] DEBUG org.springframework.test.context.support.AbstractDirtiesContextTestExecutionListener - Before test class: context [DefaultTestContext@43a9a3b2 testClass = BatchApplicationTest, testInstance = [null], testMethod = [null], testException = [null], mergedContextConfiguration = [MergedContextConfiguration@fec0fce testClass = BatchApplicationTest, locations = '{}', classes = '{class io.honeymon.springboot.multimodule.batch.BatchModuleApplication}', contextInitializerClasses = '[]', activeProfiles = '{}', propertySourceLocations = '{}', propertySourceProperties = '{org.springframework.boot.test.context.SpringBootTestContextBootstrapper=true}', contextCustomizers = set[org.springframework.boot.test.autoconfigure.properties.PropertyMappingContextCustomizer@0, org.springframework.boot.test.autoconfigure.web.servlet.WebDriverContextCustomizerFactory$Customizer@12b97c79, org.springframework.boot.test.context.filter.ExcludeFilterContextCustomizer@57727334, org.springframework.boot.test.json.DuplicateJsonObjectContextCustomizerFactory$DuplicateJsonObjectContextCustomizer@4dc8c7de, org.springframework.boot.test.mock.mockito.MockitoContextCustomizer@0, org.springframework.boot.test.web.client.TestRestTemplateContextCustomizer@4555ad55], contextLoader = 'org.springframework.boot.test.context.SpringBootContextLoader', parent = [null]], attributes = map[[empty]]], class annotated with @DirtiesContext [false] with mode [null].
17:46:19.591 [Test worker] DEBUG org.springframework.test.annotation.ProfileValueUtils - Retrieved @ProfileValueSourceConfiguration [null] for test class [io.honeymon.springboot.multimodule.batch.BatchApplicationTest]
17:46:19.591 [Test worker] DEBUG org.springframework.test.annotation.ProfileValueUtils - Retrieved ProfileValueSource type [class org.springframework.test.annotation.SystemProfileValueSource] for class [io.honeymon.springboot.multimodule.batch.BatchApplicationTest]
17:46:19.594 [Test worker] DEBUG org.springframework.test.context.support.DependencyInjectionTestExecutionListener - Performing dependency injection for test context [[DefaultTestContext@43a9a3b2 testClass = BatchApplicationTest, testInstance = io.honeymon.springboot.multimodule.batch.BatchApplicationTest@1293f763, testMethod = [null], testException = [null], mergedContextConfiguration = [MergedContextConfiguration@fec0fce testClass = BatchApplicationTest, locations = '{}', classes = '{class io.honeymon.springboot.multimodule.batch.BatchModuleApplication}', contextInitializerClasses = '[]', activeProfiles = '{}', propertySourceLocations = '{}', propertySourceProperties = '{org.springframework.boot.test.context.SpringBootTestContextBootstrapper=true}', contextCustomizers = set[org.springframework.boot.test.autoconfigure.properties.PropertyMappingContextCustomizer@0, org.springframework.boot.test.autoconfigure.web.servlet.WebDriverContextCustomizerFactory$Customizer@12b97c79, org.springframework.boot.test.context.filter.ExcludeFilterContextCustomizer@57727334, org.springframework.boot.test.json.DuplicateJsonObjectContextCustomizerFactory$DuplicateJsonObjectContextCustomizer@4dc8c7de, org.springframework.boot.test.mock.mockito.MockitoContextCustomizer@0, org.springframework.boot.test.web.client.TestRestTemplateContextCustomizer@4555ad55], contextLoader = 'org.springframework.boot.test.context.SpringBootContextLoader', parent = [null]], attributes = map[[empty]]]].
17:46:19.611 [Test worker] DEBUG org.springframework.core.env.StandardEnvironment - Adding PropertySource 'systemProperties' with lowest search precedence
17:46:19.611 [Test worker] DEBUG org.springframework.core.env.StandardEnvironment - Adding PropertySource 'systemEnvironment' with lowest search precedence
17:46:19.611 [Test worker] DEBUG org.springframework.core.env.StandardEnvironment - Initialized StandardEnvironment with PropertySources [MapPropertySource@1044370850 {name='systemProperties', properties={java.runtime.name=Java(TM) SE Runtime Environment, sun.boot.library.path=/Library/Java/JavaVirtualMachines/jdk1.8.0_162.jdk/Contents/Home/jre/lib, java.vm.version=25.162-b12, gopherProxySet=false, java.vm.vendor=Oracle Corporation, java.vendor.url=http://java.oracle.com/, path.separator=:, java.vm.name=Java HotSpot(TM) 64-Bit Server VM, file.encoding.pkg=sun.io, sun.java.launcher=SUN_STANDARD, user.country=KR, sun.os.patch.level=unknown, java.vm.specification.name=Java Virtual Machine Specification, user.dir=/Users/gimjiheon/woowa-repos/multi-module/batch-module, java.runtime.version=1.8.0_162-b12, java.awt.graphicsenv=sun.awt.CGraphicsEnvironment, java.endorsed.dirs=/Library/Java/JavaVirtualMachines/jdk1.8.0_162.jdk/Contents/Home/jre/lib/endorsed, os.arch=x86_64, java.io.tmpdir=/var/folders/4f/35j1s5qd5lb85g7t81h63gmm0000gn/T/, line.separator=
, java.vm.specification.vendor=Oracle Corporation, user.variant=, os.name=Mac OS X, sun.jnu.encoding=UTF-8, java.library.path=/Users/gimjiheon/Library/Java/Extensions:/Library/Java/Extensions:/Network/Library/Java/Extensions:/System/Library/Java/Extensions:/usr/lib/java:., java.specification.name=Java Platform API Specification, java.class.version=52.0, org.gradle.native=false, sun.management.compiler=HotSpot 64-Bit Tiered Compilers, os.version=10.13.5, http.nonProxyHosts=local|*.local|169.254/16|*.169.254/16, user.home=/Users/gimjiheon, user.timezone=Asia/Seoul, java.awt.printerjob=sun.lwawt.macosx.CPrinterJob, file.encoding=UTF-8, java.specification.version=1.8, java.class.path=/Users/gimjiheon/woowa-repos/multi-module/batch-module/build/classes/java/test:/Users/gimjiheon/woowa-repos/multi-module/batch-module/build/resources/test:/Users/gimjiheon/woowa-repos/multi-module/batch-module/build/classes/java/main:/Users/gimjiheon/woowa-repos/multi-module/batch-module/build/resources/main:/Users/gimjiheon/woowa-repos/multi-module/core-module/build/libs/core-module-0.0.1-SNAPSHOT.jar:/Users/gimjiheon/.gradle/caches/modules-2/files-2.1/org.springframework.boot/spring-boot-starter-batch/2.0.3.RELEASE/f77c448c695ce2de91dc7830259b99522d911f76/spring-boot-starter-batch-2.0.3.RELEASE.jar:/Users/gimjiheon/.gradle/caches/modules-2/files-2.1/org.springframework.boot/spring-boot-starter-test/2.0.3.RELEASE/1c624b1cc217bac010abce7a28df8169af4a7fa0/spring-boot-starter-test-2.0.3.RELEASE.jar:/Users/gimjiheon/.gradle/caches/modules-2/files-2.1/org.springframework.boot/spring-boot-starter-data-jpa/2.0.3.RELEASE/56c909f49b5385793942158e143187ecc8c7b54a/spring-boot-starter-data-jpa-2.0.3.RELEASE.jar:/Users/gimjiheon/.gradle/caches/modules-2/files-2.1/org.flywaydb/flyway-core/5.0.7/71b796e103987cf8f24068f1f5490fac8f8e1126/flyway-core-5.0.7.jar:/Users/gimjiheon/.gradle/caches/modules-2/files-2.1/org.projectlombok/lombok/1.16.22/e555426550f54284fefb09065f2123a1d9be0b73/lombok-1.16.22.jar:/Users/gimjiheon/.gradle/caches/modules-2/files-2.1/org.springframework.boot/spring-boot-starter-jdbc/2.0.3.RELEASE/4f5f3411692a0f5efb60f7f583bdfcf49199a3d4/spring-boot-starter-jdbc-2.0.3.RELEASE.jar:/Users/gimjiheon/.gradle/caches/modules-2/files-2.1/org.springframework.boot/spring-boot-starter-aop/2.0.3.RELEASE/a78c7bc25fd51b217f078421dc40d13ddc3b9f8f/spring-boot-starter-aop-2.0.3.RELEASE.jar:/Users/gimjiheon/.gradle/caches/modules-2/files-2.1/org.springframework.boot/spring-boot-starter/2.0.3.RELEASE/ffaa050dbd36b0441645598f1a7ddaf67fd5e678/spring-boot-starter-2.0.3.RELEASE.jar:/Users/gimjiheon/.gradle/caches/modules-2/files-2.1/org.springframework.boot/spring-boot-starter-logging/2.0.3.RELEASE/7caad34f01d2688919e15e09a90467963e3d5190/spring-boot-starter-logging-2.0.3.RELEASE.jar:/Users/gimjiheon/.gradle/caches/modules-2/files-2.1/com.h2database/h2/1.4.197/bb391050048ca8ae3e32451b5a3714ecd3596a46/h2-1.4.197.jar:/Users/gimjiheon/.gradle/caches/modules-2/files-2.1/com.microsoft.sqlserver/mssql-jdbc/6.2.2.jre8/a9ee2b0234f623f49fad888550011035b99d0861/mssql-jdbc-6.2.2.jre8.jar:/Users/gimjiheon/.gradle/caches/modules-2/files-2.1/mysql/mysql-connector-java/5.1.46/9a3e63b387e376364211e96827bc27db8d7a92e9/mysql-connector-java-5.1.46.jar:/Users/gimjiheon/.gradle/caches/modules-2/files-2.1/org.springframework.batch/spring-batch-core/4.0.1.RELEASE/90526cfd8fc8fe4b937ff667717a147a5c1b218b/spring-batch-core-4.0.1.RELEASE.jar:/Users/gimjiheon/.gradle/caches/modules-2/files-2.1/org.springframework.boot/spring-boot-test-autoconfigure/2.0.3.RELEASE/54e7d2167f2b926bf16a0ef8b91b6bfbd43826e7/spring-boot-test-autoconfigure-2.0.3.RELEASE.jar:/Users/gimjiheon/.gradle/caches/modules-2/files-2.1/org.springframework.boot/spring-boot-test/2.0.3.RELEASE/5c9b4bb6cfce9ef6e53a0ff5fc4a7ff2867871d8/spring-boot-test-2.0.3.RELEASE.jar:/Users/gimjiheon/.gradle/caches/modules-2/files-2.1/com.jayway.jsonpath/json-path/2.4.0/765a4401ceb2dc8d40553c2075eb80a8fa35c2ae/json-path-2.4.0.jar:/Users/gimjiheon/.gradle/caches/modules-2/files-2.1/junit/junit/4.12/2973d150c0dc1fefe998f834810d68f278ea58ec/junit-4.12.jar:/Users/gimjiheon/.gradle/caches/modules-2/files-2.1/org.assertj/assertj-core/3.9.1/c5ce126b15f28d56cd8f960c1a6a058b9c9aea87/assertj-core-3.9.1.jar:/Users/gimjiheon/.gradle/caches/modules-2/files-2.1/org.mockito/mockito-core/2.15.0/b84bfbbc29cd22c9529409627af6ea2897f4fa85/mockito-core-2.15.0.jar:/Users/gimjiheon/.gradle/caches/modules-2/files-2.1/org.hamcrest/hamcrest-library/1.3/4785a3c21320980282f9f33d0d1264a69040538f/hamcrest-library-1.3.jar:/Users/gimjiheon/.gradle/caches/modules-2/files-2.1/org.hamcrest/hamcrest-core/1.3/42a25dc3219429f0e5d060061f71acb49bf010a0/hamcrest-core-1.3.jar:/Users/gimjiheon/.gradle/caches/modules-2/files-2.1/org.skyscreamer/jsonassert/1.5.0/6c9d5fe2f59da598d9aefc1cfc6528ff3cf32df3/jsonassert-1.5.0.jar:/Users/gimjiheon/.gradle/caches/modules-2/files-2.1/org.springframework/spring-test/5.0.7.RELEASE/bcb7505a316ea34b7e9a7ae5d4921be5b475c02d/spring-test-5.0.7.RELEASE.jar:/Users/gimjiheon/.gradle/caches/modules-2/files-2.1/org.springframework.data/spring-data-jpa/2.0.8.RELEASE/8b874afd15da2b4d2d9b8431ad2be0c6829e41fe/spring-data-jpa-2.0.8.RELEASE.jar:/Users/gimjiheon/.gradle/caches/modules-2/files-2.1/org.springframework.boot/spring-boot-autoconfigure/2.0.3.RELEASE/11bc4cc96b08fabad2b3186755818fa0b32d83f/spring-boot-autoconfigure-2.0.3.RELEASE.jar:/Users/gimjiheon/.gradle/caches/modules-2/files-2.1/org.springframework.boot/spring-boot/2.0.3.RELEASE/b874870d915adbc3dd932e19077d3d45c8e54aa0/spring-boot-2.0.3.RELEASE.jar:/Users/gimjiheon/.gradle/caches/modules-2/files-2.1/org.springframework/spring-orm/5.0.7.RELEASE/4deed5f4a38d62f9dba7db8e010da8b49e322757/spring-orm-5.0.7.RELEASE.jar:/Users/gimjiheon/.gradle/caches/modules-2/files-2.1/org.springframework/spring-jdbc/5.0.7.RELEASE/9c78c6b9a6c603f6589b480e165939cde7bab7f9/spring-jdbc-5.0.7.RELEASE.jar:/Users/gimjiheon/.gradle/caches/modules-2/files-2.1/org.springframework.batch/spring-batch-infrastructure/4.0.1.RELEASE/e0f1d359cc3c91d8a0cb129f9dfed8fc018cfabd/spring-batch-infrastructure-4.0.1.RELEASE.jar:/Users/gimjiheon/.gradle/caches/modules-2/files-2.1/org.springframework/spring-context/5.0.7.RELEASE/243a23f8968de8754d8199d669780d683ab177bd/spring-context-5.0.7.RELEASE.jar:/Users/gimjiheon/.gradle/caches/modules-2/files-2.1/org.springframework/spring-aop/5.0.7.RELEASE/fdd0b6aa3c9c7a188c3bfbf6dfd8d40e843be9ef/spring-aop-5.0.7.RELEASE.jar:/Users/gimjiheon/.gradle/caches/modules-2/files-2.1/org.springframework/spring-tx/5.0.7.RELEASE/4ca59b21c61162adb146ad1b40c30b60d8dc42b8/spring-tx-5.0.7.RELEASE.jar:/Users/gimjiheon/.gradle/caches/modules-2/files-2.1/org.springframework.data/spring-data-commons/2.0.8.RELEASE/5c19af63b5acb0eab39066684e813d5ecd9d03b7/spring-data-commons-2.0.8.RELEASE.jar:/Users/gimjiheon/.gradle/caches/modules-2/files-2.1/org.springframework/spring-beans/5.0.7.RELEASE/c1196cb3e56da83e3c3a02ef323699f4b05feedc/spring-beans-5.0.7.RELEASE.jar:/Users/gimjiheon/.gradle/caches/modules-2/files-2.1/org.springframework.retry/spring-retry/1.2.2.RELEASE/638928732585c450e461f0a132b6834ad7cf3af0/spring-retry-1.2.2.RELEASE.jar:/Users/gimjiheon/.gradle/caches/modules-2/files-2.1/org.springframework/spring-expression/5.0.7.RELEASE/ca01fb473f53dd0ee3c85663b26d5dc325602057/spring-expression-5.0.7.RELEASE.jar:/Users/gimjiheon/.gradle/caches/modules-2/files-2.1/org.springframework/spring-core/5.0.7.RELEASE/54b731178d81e66eca9623df772ff32718208137/spring-core-5.0.7.RELEASE.jar:/Users/gimjiheon/.gradle/caches/modules-2/files-2.1/org.xmlunit/xmlunit-core/2.5.1/4ffdb346572a7356f7521cd3119ce5287d2e339d/xmlunit-core-2.5.1.jar:/Users/gimjiheon/.gradle/caches/modules-2/files-2.1/org.hibernate/hibernate-core/5.2.17.Final/f2dc36470e7a2ffcf6106bb1625ecf5b54bb5f65/hibernate-core-5.2.17.Final.jar:/Users/gimjiheon/.gradle/caches/modules-2/files-2.1/javax.transaction/javax.transaction-api/1.2/d81aff979d603edd90dcd8db2abc1f4ce6479e3e/javax.transaction-api-1.2.jar:/Users/gimjiheon/.gradle/caches/modules-2/files-2.1/org.springframework/spring-aspects/5.0.7.RELEASE/afd3f7ecb9d7c2cb3160563f9f64b72223bb0265/spring-aspects-5.0.7.RELEASE.jar:/Users/gimjiheon/.gradle/caches/modules-2/files-2.1/ch.qos.logback/logback-classic/1.2.3/7c4f3c474fb2c041d8028740440937705ebb473a/logback-classic-1.2.3.jar:/Users/gimjiheon/.gradle/caches/modules-2/files-2.1/org.apache.logging.log4j/log4j-to-slf4j/2.10.0/f7e631ccf49cfc0aefa4a2a728da7d374c05bd3c/log4j-to-slf4j-2.10.0.jar:/Users/gimjiheon/.gradle/caches/modules-2/files-2.1/org.slf4j/jul-to-slf4j/1.7.25/af5364cd6679bfffb114f0dec8a157aaa283b76/jul-to-slf4j-1.7.25.jar:/Users/gimjiheon/.gradle/caches/modules-2/files-2.1/javax.annotation/javax.annotation-api/1.3.2/934c04d3cfef185a8008e7bf34331b79730a9d43/javax.annotation-api-1.3.2.jar:/Users/gimjiheon/.gradle/caches/modules-2/files-2.1/org.yaml/snakeyaml/1.19/2d998d3d674b172a588e54ab619854d073f555b5/snakeyaml-1.19.jar:/Users/gimjiheon/.gradle/caches/modules-2/files-2.1/com.zaxxer/HikariCP/2.7.9/a83113d2c091d0d0f853dad3217bd7df3beb6ae3/HikariCP-2.7.9.jar:/Users/gimjiheon/.gradle/caches/modules-2/files-2.1/com.fasterxml.jackson.core/jackson-databind/2.9.6/cfa4f316351a91bfd95cb0644c6a2c95f52db1fc/jackson-databind-2.9.6.jar:/Users/gimjiheon/.gradle/caches/modules-2/files-2.1/javax.batch/javax.batch-api/1.0/65392d027a6eb369fd9fcd1b75cae150e25ac03c/javax.batch-api-1.0.jar:/Users/gimjiheon/.gradle/caches/modules-2/files-2.1/org.codehaus.jettison/jettison/1.2/765a6181653f4b05c18c7a9e8f5c1f8269bf9b2/jettison-1.2.jar:/Users/gimjiheon/.gradle/caches/modules-2/files-2.1/net.minidev/json-smart/2.3/7396407491352ce4fa30de92efb158adb76b5b/json-smart-2.3.jar:/Users/gimjiheon/.gradle/caches/modules-2/files-2.1/org.slf4j/slf4j-api/1.7.25/da76ca59f6a57ee3102f8f9bd9cee742973efa8a/slf4j-api-1.7.25.jar:/Users/gimjiheon/.gradle/caches/modules-2/files-2.1/net.bytebuddy/byte-buddy/1.7.11/f02857a4e2c66ccbe7aaad6100a0a6c461bce9b3/byte-buddy-1.7.11.jar:/Users/gimjiheon/.gradle/caches/modules-2/files-2.1/net.bytebuddy/byte-buddy-agent/1.7.11/b425a8933ca07edd03c6dbc8bc3b595fba9780de/byte-buddy-agent-1.7.11.jar:/Users/gimjiheon/.gradle/caches/modules-2/files-2.1/org.objenesis/objenesis/2.6/639033469776fd37c08358c6b92a4761feb2af4b/objenesis-2.6.jar:/Users/gimjiheon/.gradle/caches/modules-2/files-2.1/com.vaadin.external.google/android-json/0.0.20131108.vaadin1/fa26d351fe62a6a17f5cda1287c1c6110dec413f/android-json-0.0.20131108.vaadin1.jar:/Users/gimjiheon/.gradle/caches/modules-2/files-2.1/org.springframework/spring-jcl/5.0.7.RELEASE/699016ddf454c2c167d9f84ae5777eccadf54728/spring-jcl-5.0.7.RELEASE.jar:/Users/gimjiheon/.gradle/caches/modules-2/files-2.1/org.aspectj/aspectjweaver/1.8.13/ad94df2a28d658a40dc27bbaff6a1ce5fbf04e9b/aspectjweaver-1.8.13.jar:/Users/gimjiheon/.gradle/caches/modules-2/files-2.1/org.hibernate.common/hibernate-commons-annotations/5.0.1.Final/71e1cff3fcb20d3b3af4f3363c3ddb24d33c6879/hibernate-commons-annotations-5.0.1.Final.jar:/Users/gimjiheon/.gradle/caches/modules-2/files-2.1/org.jboss.logging/jboss-logging/3.3.2.Final/3789d00e859632e6c6206adc0c71625559e6e3b0/jboss-logging-3.3.2.Final.jar:/Users/gimjiheon/.gradle/caches/modules-2/files-2.1/org.hibernate.javax.persistence/hibernate-jpa-2.1-api/1.0.2.Final/52afb5762c704a6b586e27742470c08f91877fc1/hibernate-jpa-2.1-api-1.0.2.Final.jar:/Users/gimjiheon/.gradle/caches/modules-2/files-2.1/org.javassist/javassist/3.22.0-GA/3e83394258ae2089be7219b971ec21a8288528ad/javassist-3.22.0-GA.jar:/Users/gimjiheon/.gradle/caches/modules-2/files-2.1/antlr/antlr/2.7.7/83cd2cd674a217ade95a4bb83a8a14f351f48bd0/antlr-2.7.7.jar:/Users/gimjiheon/.gradle/caches/modules-2/files-2.1/org.jboss/jandex/2.0.3.Final/bfc4d6257dbff7a33a357f0de116be6ff951d849/jandex-2.0.3.Final.jar:/Users/gimjiheon/.gradle/caches/modules-2/files-2.1/com.fasterxml/classmate/1.3.4/3d5f48f10bbe4eb7bd862f10c0583be2e0053c6/classmate-1.3.4.jar:/Users/gimjiheon/.gradle/caches/modules-2/files-2.1/dom4j/dom4j/1.6.1/5d3ccc056b6f056dbf0dddfdf43894b9065a8f94/dom4j-1.6.1.jar:/Users/gimjiheon/.gradle/caches/modules-2/files-2.1/ch.qos.logback/logback-core/1.2.3/864344400c3d4d92dfeb0a305dc87d953677c03c/logback-core-1.2.3.jar:/Users/gimjiheon/.gradle/caches/modules-2/files-2.1/org.apache.logging.log4j/log4j-api/2.10.0/fec5797a55b786184a537abd39c3fa1449d752d6/log4j-api-2.10.0.jar:/Users/gimjiheon/.gradle/caches/modules-2/files-2.1/com.fasterxml.jackson.core/jackson-annotations/2.9.0/7c10d545325e3a6e72e06381afe469fd40eb701/jackson-annotations-2.9.0.jar:/Users/gimjiheon/.gradle/caches/modules-2/files-2.1/com.fasterxml.jackson.core/jackson-core/2.9.6/4e393793c37c77e042ccc7be5a914ae39251b365/jackson-core-2.9.6.jar:/Users/gimjiheon/.gradle/caches/modules-2/files-2.1/net.minidev/accessors-smart/1.2/c592b500269bfde36096641b01238a8350f8aa31/accessors-smart-1.2.jar:/Users/gimjiheon/.gradle/caches/modules-2/files-2.1/org.ow2.asm/asm/5.0.4/da08b8cce7bbf903602a25a3a163ae252435795/asm-5.0.4.jar, user.name=gimjiheon, java.vm.specification.version=1.8, sun.java.command=worker.org.gradle.process.internal.worker.GradleWorkerMain 'Gradle Test Executor 4', java.home=/Library/Java/JavaVirtualMachines/jdk1.8.0_162.jdk/Contents/Home/jre, sun.arch.data.model=64, user.language=ko, java.specification.vendor=Oracle Corporation, awt.toolkit=sun.lwawt.macosx.LWCToolkit, java.vm.info=mixed mode, java.version=1.8.0_162, java.ext.dirs=/Users/gimjiheon/Library/Java/Extensions:/Library/Java/JavaVirtualMachines/jdk1.8.0_162.jdk/Contents/Home/jre/lib/ext:/Library/Java/Extensions:/Network/Library/Java/Extensions:/System/Library/Java/Extensions:/usr/lib/java, sun.boot.class.path=/Library/Java/JavaVirtualMachines/jdk1.8.0_162.jdk/Contents/Home/jre/lib/resources.jar:/Library/Java/JavaVirtualMachines/jdk1.8.0_162.jdk/Contents/Home/jre/lib/rt.jar:/Library/Java/JavaVirtualMachines/jdk1.8.0_162.jdk/Contents/Home/jre/lib/sunrsasign.jar:/Library/Java/JavaVirtualMachines/jdk1.8.0_162.jdk/Contents/Home/jre/lib/jsse.jar:/Library/Java/JavaVirtualMachines/jdk1.8.0_162.jdk/Contents/Home/jre/lib/jce.jar:/Library/Java/JavaVirtualMachines/jdk1.8.0_162.jdk/Contents/Home/jre/lib/charsets.jar:/Library/Java/JavaVirtualMachines/jdk1.8.0_162.jdk/Contents/Home/jre/lib/jfr.jar:/Library/Java/JavaVirtualMachines/jdk1.8.0_162.jdk/Contents/Home/jre/classes, java.vendor=Oracle Corporation, org.gradle.test.worker=4, file.separator=/, java.vendor.url.bug=http://bugreport.sun.com/bugreport/, sun.io.unicode.encoding=UnicodeBig, sun.cpu.endian=little, socksNonProxyHosts=local|*.local|169.254/16|*.169.254/16, ftp.nonProxyHosts=local|*.local|169.254/16|*.169.254/16, sun.cpu.isalist=}}, SystemEnvironmentPropertySource@235816884 {name='systemEnvironment', properties={PATH=/usr/local/opt/node@6/bin:/Users/gimjiheon/.rbenv/shims:/Users/gimjiheon/Library/Python/3.6/bin:/usr/local/opt/icu4c/sbin:/usr/local/opt/icu4c/bin:/Users/gimjiheon/.jenv/bin:/Users/gimjiheon/.jenv/candidates/maven/current/bin:/Users/gimjiheon/.jenv/candidates/java/current/bin:/Users/gimjiheon/.jenv/candidates/gradle/current/bin:/usr/local/bin:/usr/bin:/bin:/usr/sbin:/sbin, ZDOTDIR=, JAVA_HOME=/Users/gimjiheon/.jenv/candidates/java/current, JENV_PATH_ORIGINAL=/usr/local/bin:/usr/bin:/bin:/usr/sbin:/sbin, TERM=xterm-256color, RBENV_SHELL=zsh, GRADLE_HOME=/Users/gimjiheon/.jenv/candidates/gradle/current, JENV_VERSION=0.1.0, JAVA_MAIN_CLASS_23670=worker.org.gradle.process.internal.worker.GradleWorkerMain, JENV_AUTO=false, MAVEN_HOME=/Users/gimjiheon/.jenv/candidates/maven/current, JENV_DIR=/Users/gimjiheon/.jenv, LOGNAME=gimjiheon, PWD=/Users/gimjiheon/woowa-repos/multi-module, XPC_SERVICE_NAME=0, APP_NAME_23658=Gradle, JENV_SERVICE=http://get.jenv.mvnsearch.org, SHELL=/bin/zsh, PAGER=less, APP_ICON_23658=/Users/gimjiheon/woowa-repos/multi-module/media/gradle.icns, LSCOLORS=Gxfxcxdxbxegedabagacad, JAVA_MAIN_CLASS_23658=org.gradle.wrapper.GradleWrapperMain, OLDPWD=/Users/gimjiheon/woowa-repos/multi-module, SECURITYSESSIONID=186a7, USER=gimjiheon, ZSH=/Users/gimjiheon/.oh-my-zsh, TMPDIR=/var/folders/4f/35j1s5qd5lb85g7t81h63gmm0000gn/T/, SSH_AUTH_SOCK=/private/tmp/com.apple.launchd.NNGTkPLeyb/Listeners, JENV_OS_NAME=Darwin, XPC_FLAGS=0x0, M2_HOME=/Users/gimjiheon/.jenv/candidates/maven/current, JENV_MACHINE_PLATFORM=x86_64, __CF_USER_TEXT_ENCODING=0x1F5:0x3:0x33, JENV_COMMANDS=all ls candidates list update install reinstall uninstall clean pause execute exec use init config which cd version default add repo selfupdate help requirements load broadcast, Apple_PubSub_Socket_Render=/private/tmp/com.apple.launchd.xGfNyhVAfQ/Render, LESS=-R, JENV_SHELL=zsh, LC_CTYPE=ko_KR.UTF-8, SHLVL=1, HOME=/Users/gimjiheon}}]
17:46:19.615 [Test worker] DEBUG org.springframework.test.context.support.TestPropertySourceUtils - Adding inlined properties to environment: {spring.jmx.enabled=false, org.springframework.boot.test.context.SpringBootTestContextBootstrapper=true, server.port=-1}
17:46:19.616 [Test worker] DEBUG org.springframework.core.env.StandardEnvironment - Adding PropertySource 'Inlined Test Properties' with highest search precedence

  .   ____          _            __ _ _
 /\\ / ___'_ __ _ _(_)_ __  __ _ \ \ \ \
( ( )\___ | '_ | '_| | '_ \/ _` | \ \ \ \
 \\/  ___)| |_)| | | | | || (_| |  ) ) ) )
  '  |____| .__|_| |_|_| |_\__, | / / / /
 =========|_|==============|___/=/_/_/_/
 :: Spring Boot ::        (v2.0.3.RELEASE)

2018-07-02 17:46:19.922  INFO 23670 --- [    Test worker] i.h.s.m.batch.BatchApplicationTest       : Starting BatchApplicationTest on gimjiheon-ui-MacBook-Pro.local with PID 23670 (started by gimjiheon in /Users/gimjiheon/woowa-repos/multi-module/batch-module)
2018-07-02 17:46:19.922  INFO 23670 --- [    Test worker] i.h.s.m.batch.BatchApplicationTest       : The following profiles are active: db,batch
2018-07-02 17:46:19.938  INFO 23670 --- [    Test worker] s.c.a.AnnotationConfigApplicationContext : Refreshing org.springframework.context.annotation.AnnotationConfigApplicationContext@7e2d5b1: startup date [Mon Jul 02 17:46:19 KST 2018]; root of context hierarchy
2018-07-02 17:46:20.798  INFO 23670 --- [    Test worker] com.zaxxer.hikari.HikariDataSource       : HikariPool-1 - Starting...
2018-07-02 17:46:20.938  INFO 23670 --- [    Test worker] com.zaxxer.hikari.HikariDataSource       : HikariPool-1 - Start completed.
2018-07-02 17:46:20.995  INFO 23670 --- [    Test worker] j.LocalContainerEntityManagerFactoryBean : Building JPA container EntityManagerFactory for persistence unit 'default'
2018-07-02 17:46:21.014  INFO 23670 --- [    Test worker] o.hibernate.jpa.internal.util.LogHelper  : HHH000204: Processing PersistenceUnitInfo [
	name: default
	...]
2018-07-02 17:46:21.079  INFO 23670 --- [    Test worker] org.hibernate.Version                    : HHH000412: Hibernate Core {5.2.17.Final}
2018-07-02 17:46:21.080  INFO 23670 --- [    Test worker] org.hibernate.cfg.Environment            : HHH000206: hibernate.properties not found
2018-07-02 17:46:21.124  INFO 23670 --- [    Test worker] o.hibernate.annotations.common.Version   : HCANN000001: Hibernate Commons Annotations {5.0.1.Final}
2018-07-02 17:46:21.243  INFO 23670 --- [    Test worker] org.hibernate.dialect.Dialect            : HHH000400: Using dialect: org.hibernate.dialect.H2Dialect
2018-07-02 17:46:21.544  INFO 23670 --- [    Test worker] o.h.t.schema.internal.SchemaCreatorImpl  : HHH000476: Executing import script 'org.hibernate.tool.schema.internal.exec.ScriptSourceInputNonExistentImpl@4184a0ff'
2018-07-02 17:46:21.546  INFO 23670 --- [    Test worker] j.LocalContainerEntityManagerFactoryBean : Initialized JPA EntityManagerFactory for persistence unit 'default'
2018-07-02 17:46:21.558  INFO 23670 --- [    Test worker] i.h.s.m.batch.batchjob.SimpleBatchJob    : BatchJob Enabled: false, Spring Database URL: jdbc:h2:mem:multi
2018-07-02 17:46:21.823  INFO 23670 --- [    Test worker] i.h.s.m.batch.BatchApplicationTest       : Started BatchApplicationTest in 2.202 seconds (JVM running for 3.045)
]]></system-out>
  <system-err><![CDATA[]]></system-err>
</testsuite>
