<?xml version="1.0" encoding="UTF-8"?>
<testsuite name="io.honeymon.springboot.multimodule.batch.DevProfilesTest" tests="2" skipped="0" failures="0" errors="0" timestamp="2018-07-02T09:03:02" hostname="gimjiheon-ui-MacBook-Pro.local" time="0.041">
  <properties/>
  <testcase name="testDataSourceUrl" classname="io.honeymon.springboot.multimodule.batch.DevProfilesTest" time="0.039"/>
  <testcase name="testBatchEnabled" classname="io.honeymon.springboot.multimodule.batch.DevProfilesTest" time="0.002"/>
  <system-out><![CDATA[2018-07-02 18:03:02.149  INFO 24307 --- [    Test worker] .b.t.c.SpringBootTestContextBootstrapper : Neither @ContextConfiguration nor @ContextHierarchy found for test class [io.honeymon.springboot.multimodule.batch.DevProfilesTest], using SpringBootContextLoader
2018-07-02 18:03:02.150  INFO 24307 --- [    Test worker] o.s.t.c.support.AbstractContextLoader    : Could not detect default resource locations for test class [io.honeymon.springboot.multimodule.batch.DevProfilesTest]: no resource found for suffixes {-context.xml, Context.groovy}.
2018-07-02 18:03:02.150  INFO 24307 --- [    Test worker] t.c.s.AnnotationConfigContextLoaderUtils : Could not detect default configuration classes for test class [io.honeymon.springboot.multimodule.batch.DevProfilesTest]: DevProfilesTest does not declare any static, non-private, non-final, nested classes annotated with @Configuration.
2018-07-02 18:03:02.152  INFO 24307 --- [    Test worker] .b.t.c.SpringBootTestContextBootstrapper : Found @SpringBootConfiguration io.honeymon.springboot.multimodule.batch.BatchModuleApplication for test class io.honeymon.springboot.multimodule.batch.DevProfilesTest
2018-07-02 18:03:02.154  INFO 24307 --- [    Test worker] .b.t.c.SpringBootTestContextBootstrapper : Loaded default TestExecutionListener class names from location [META-INF/spring.factories]: [org.springframework.boot.test.autoconfigure.restdocs.RestDocsTestExecutionListener, org.springframework.boot.test.autoconfigure.web.client.MockRestServiceServerResetTestExecutionListener, org.springframework.boot.test.autoconfigure.web.servlet.MockMvcPrintOnlyOnFailureTestExecutionListener, org.springframework.boot.test.autoconfigure.web.servlet.WebDriverTestExecutionListener, org.springframework.boot.test.mock.mockito.MockitoTestExecutionListener, org.springframework.boot.test.mock.mockito.ResetMocksTestExecutionListener, org.springframework.test.context.web.ServletTestExecutionListener, org.springframework.test.context.support.DirtiesContextBeforeModesTestExecutionListener, org.springframework.test.context.support.DependencyInjectionTestExecutionListener, org.springframework.test.context.support.DirtiesContextTestExecutionListener, org.springframework.test.context.transaction.TransactionalTestExecutionListener, org.springframework.test.context.jdbc.SqlScriptsTestExecutionListener]
2018-07-02 18:03:02.155  INFO 24307 --- [    Test worker] .b.t.c.SpringBootTestContextBootstrapper : Using TestExecutionListeners: [org.springframework.test.context.support.DirtiesContextBeforeModesTestExecutionListener@34a66b7d, org.springframework.boot.test.mock.mockito.MockitoTestExecutionListener@3a320de4, org.springframework.boot.test.autoconfigure.SpringBootDependencyInjectionTestExecutionListener@5d715ac6, org.springframework.test.context.support.DirtiesContextTestExecutionListener@6f3048b3, org.springframework.test.context.transaction.TransactionalTestExecutionListener@684a2bab, org.springframework.test.context.jdbc.SqlScriptsTestExecutionListener@42bd566b, org.springframework.boot.test.autoconfigure.restdocs.RestDocsTestExecutionListener@15cd8390, org.springframework.boot.test.autoconfigure.web.client.MockRestServiceServerResetTestExecutionListener@78d5244a, org.springframework.boot.test.autoconfigure.web.servlet.MockMvcPrintOnlyOnFailureTestExecutionListener@41fb4f88, org.springframework.boot.test.autoconfigure.web.servlet.WebDriverTestExecutionListener@69dd47d2, org.springframework.boot.test.mock.mockito.ResetMocksTestExecutionListener@1075987a]

  .   ____          _            __ _ _
 /\\ / ___'_ __ _ _(_)_ __  __ _ \ \ \ \
( ( )\___ | '_ | '_| | '_ \/ _` | \ \ \ \
 \\/  ___)| |_)| | | | | || (_| |  ) ) ) )
  '  |____| .__|_| |_|_| |_\__, | / / / /
 =========|_|==============|___/=/_/_/_/
 :: Spring Boot ::        (v2.0.3.RELEASE)

2018-07-02 18:03:02.220  INFO 24307 --- [    Test worker] i.h.s.multimodule.batch.DevProfilesTest  : Starting DevProfilesTest on gimjiheon-ui-MacBook-Pro.local with PID 24307 (started by gimjiheon in /Users/gimjiheon/woowa-repos/multi-module/batch-module)
2018-07-02 18:03:02.221 DEBUG 24307 --- [    Test worker] i.h.s.multimodule.batch.DevProfilesTest  : Running with Spring Boot v2.0.3.RELEASE, Spring v5.0.7.RELEASE
2018-07-02 18:03:02.221  INFO 24307 --- [    Test worker] i.h.s.multimodule.batch.DevProfilesTest  : The following profiles are active: dev,db,batch
2018-07-02 18:03:02.223  INFO 24307 --- [    Test worker] s.c.a.AnnotationConfigApplicationContext : Refreshing org.springframework.context.annotation.AnnotationConfigApplicationContext@78243267: startup date [Mon Jul 02 18:03:02 KST 2018]; root of context hierarchy
2018-07-02 18:03:02.499  INFO 24307 --- [    Test worker] com.zaxxer.hikari.HikariDataSource       : HikariPool-2 - Starting...
2018-07-02 18:03:02.501  INFO 24307 --- [    Test worker] com.zaxxer.hikari.HikariDataSource       : HikariPool-2 - Start completed.
2018-07-02 18:03:02.527  INFO 24307 --- [    Test worker] j.LocalContainerEntityManagerFactoryBean : Building JPA container EntityManagerFactory for persistence unit 'default'
2018-07-02 18:03:02.528  INFO 24307 --- [    Test worker] o.hibernate.jpa.internal.util.LogHelper  : HHH000204: Processing PersistenceUnitInfo [
	name: default
	...]
2018-07-02 18:03:02.535  INFO 24307 --- [    Test worker] org.hibernate.dialect.Dialect            : HHH000400: Using dialect: org.hibernate.dialect.H2Dialect
2018-07-02 18:03:02.545  INFO 24307 --- [    Test worker] o.h.t.schema.internal.SchemaCreatorImpl  : HHH000476: Executing import script 'org.hibernate.tool.schema.internal.exec.ScriptSourceInputNonExistentImpl@671e851'
2018-07-02 18:03:02.545  INFO 24307 --- [    Test worker] j.LocalContainerEntityManagerFactoryBean : Initialized JPA EntityManagerFactory for persistence unit 'default'
2018-07-02 18:03:02.557 DEBUG 24307 --- [    Test worker] i.h.s.m.batch.batchjob.SimpleBatchJob    : Batch enabled? true
2018-07-02 18:03:02.557 DEBUG 24307 --- [    Test worker] i.h.s.m.batch.batchjob.SimpleBatchJob    : Spring database url: jdbc:h2:mem:multi-dev
2018-07-02 18:03:02.557  INFO 24307 --- [    Test worker] i.h.s.m.batch.batchjob.SimpleBatchJob    : BatchJob Enabled: true, Spring Database URL: jdbc:h2:mem:multi-dev
2018-07-02 18:03:02.677  INFO 24307 --- [    Test worker] i.h.s.multimodule.batch.DevProfilesTest  : Started DevProfilesTest in 0.516 seconds (JVM running for 3.958)
]]></system-out>
  <system-err><![CDATA[]]></system-err>
</testsuite>
