<?xml version="1.0" encoding="UTF-8"?>
<testsuite name="io.honeymon.springboot.multimodule.batch.DevProfilesTest" tests="2" skipped="0" failures="0" errors="0" timestamp="2018-07-02T08:46:22" hostname="gimjiheon-ui-MacBook-Pro.local" time="0.044">
  <properties/>
  <testcase name="testDataSourceUrl" classname="io.honeymon.springboot.multimodule.batch.DevProfilesTest" time="0.041"/>
  <testcase name="testBatchEnabled" classname="io.honeymon.springboot.multimodule.batch.DevProfilesTest" time="0.003"/>
  <system-out><![CDATA[2018-07-02 17:46:21.918  INFO 23670 --- [    Test worker] .b.t.c.SpringBootTestContextBootstrapper : Neither @ContextConfiguration nor @ContextHierarchy found for test class [io.honeymon.springboot.multimodule.batch.DevProfilesTest], using SpringBootContextLoader
2018-07-02 17:46:21.919  INFO 23670 --- [    Test worker] o.s.t.c.support.AbstractContextLoader    : Could not detect default resource locations for test class [io.honeymon.springboot.multimodule.batch.DevProfilesTest]: no resource found for suffixes {-context.xml, Context.groovy}.
2018-07-02 17:46:21.919  INFO 23670 --- [    Test worker] t.c.s.AnnotationConfigContextLoaderUtils : Could not detect default configuration classes for test class [io.honeymon.springboot.multimodule.batch.DevProfilesTest]: DevProfilesTest does not declare any static, non-private, non-final, nested classes annotated with @Configuration.
2018-07-02 17:46:21.921  INFO 23670 --- [    Test worker] .b.t.c.SpringBootTestContextBootstrapper : Found @SpringBootConfiguration io.honeymon.springboot.multimodule.batch.BatchModuleApplication for test class io.honeymon.springboot.multimodule.batch.DevProfilesTest
2018-07-02 17:46:21.924  INFO 23670 --- [    Test worker] .b.t.c.SpringBootTestContextBootstrapper : Loaded default TestExecutionListener class names from location [META-INF/spring.factories]: [org.springframework.boot.test.autoconfigure.restdocs.RestDocsTestExecutionListener, org.springframework.boot.test.autoconfigure.web.client.MockRestServiceServerResetTestExecutionListener, org.springframework.boot.test.autoconfigure.web.servlet.MockMvcPrintOnlyOnFailureTestExecutionListener, org.springframework.boot.test.autoconfigure.web.servlet.WebDriverTestExecutionListener, org.springframework.boot.test.mock.mockito.MockitoTestExecutionListener, org.springframework.boot.test.mock.mockito.ResetMocksTestExecutionListener, org.springframework.test.context.web.ServletTestExecutionListener, org.springframework.test.context.support.DirtiesContextBeforeModesTestExecutionListener, org.springframework.test.context.support.DependencyInjectionTestExecutionListener, org.springframework.test.context.support.DirtiesContextTestExecutionListener, org.springframework.test.context.transaction.TransactionalTestExecutionListener, org.springframework.test.context.jdbc.SqlScriptsTestExecutionListener]
2018-07-02 17:46:21.925  INFO 23670 --- [    Test worker] .b.t.c.SpringBootTestContextBootstrapper : Using TestExecutionListeners: [org.springframework.test.context.support.DirtiesContextBeforeModesTestExecutionListener@5dd693b3, org.springframework.boot.test.mock.mockito.MockitoTestExecutionListener@259126f7, org.springframework.boot.test.autoconfigure.SpringBootDependencyInjectionTestExecutionListener@9cbe29f, org.springframework.test.context.support.DirtiesContextTestExecutionListener@5419f553, org.springframework.test.context.transaction.TransactionalTestExecutionListener@3d3bbf68, org.springframework.test.context.jdbc.SqlScriptsTestExecutionListener@113180a6, org.springframework.boot.test.autoconfigure.restdocs.RestDocsTestExecutionListener@47385705, org.springframework.boot.test.autoconfigure.web.client.MockRestServiceServerResetTestExecutionListener@5c1081dc, org.springframework.boot.test.autoconfigure.web.servlet.MockMvcPrintOnlyOnFailureTestExecutionListener@3c30a5c9, org.springframework.boot.test.autoconfigure.web.servlet.WebDriverTestExecutionListener@21192659, org.springframework.boot.test.mock.mockito.ResetMocksTestExecutionListener@241cdd00]

  .   ____          _            __ _ _
 /\\ / ___'_ __ _ _(_)_ __  __ _ \ \ \ \
( ( )\___ | '_ | '_| | '_ \/ _` | \ \ \ \
 \\/  ___)| |_)| | | | | || (_| |  ) ) ) )
  '  |____| .__|_| |_|_| |_\__, | / / / /
 =========|_|==============|___/=/_/_/_/
 :: Spring Boot ::        (v2.0.3.RELEASE)

2018-07-02 17:46:22.007  INFO 23670 --- [    Test worker] i.h.s.multimodule.batch.DevProfilesTest  : Starting DevProfilesTest on gimjiheon-ui-MacBook-Pro.local with PID 23670 (started by gimjiheon in /Users/gimjiheon/woowa-repos/multi-module/batch-module)
2018-07-02 17:46:22.007 DEBUG 23670 --- [    Test worker] i.h.s.multimodule.batch.DevProfilesTest  : Running with Spring Boot v2.0.3.RELEASE, Spring v5.0.7.RELEASE
2018-07-02 17:46:22.007  INFO 23670 --- [    Test worker] i.h.s.multimodule.batch.DevProfilesTest  : The following profiles are active: dev,db,batch
2018-07-02 17:46:22.011  INFO 23670 --- [    Test worker] s.c.a.AnnotationConfigApplicationContext : Refreshing org.springframework.context.annotation.AnnotationConfigApplicationContext@35bdf948: startup date [Mon Jul 02 17:46:22 KST 2018]; root of context hierarchy
2018-07-02 17:46:22.420  INFO 23670 --- [    Test worker] com.zaxxer.hikari.HikariDataSource       : HikariPool-2 - Starting...
2018-07-02 17:46:22.422  INFO 23670 --- [    Test worker] com.zaxxer.hikari.HikariDataSource       : HikariPool-2 - Start completed.
2018-07-02 17:46:22.450  INFO 23670 --- [    Test worker] j.LocalContainerEntityManagerFactoryBean : Building JPA container EntityManagerFactory for persistence unit 'default'
2018-07-02 17:46:22.451  INFO 23670 --- [    Test worker] o.hibernate.jpa.internal.util.LogHelper  : HHH000204: Processing PersistenceUnitInfo [
	name: default
	...]
2018-07-02 17:46:22.464  INFO 23670 --- [    Test worker] org.hibernate.dialect.Dialect            : HHH000400: Using dialect: org.hibernate.dialect.H2Dialect
2018-07-02 17:46:22.474  INFO 23670 --- [    Test worker] o.h.t.schema.internal.SchemaCreatorImpl  : HHH000476: Executing import script 'org.hibernate.tool.schema.internal.exec.ScriptSourceInputNonExistentImpl@4184a0ff'
2018-07-02 17:46:22.475  INFO 23670 --- [    Test worker] j.LocalContainerEntityManagerFactoryBean : Initialized JPA EntityManagerFactory for persistence unit 'default'
2018-07-02 17:46:22.483 DEBUG 23670 --- [    Test worker] i.h.s.m.batch.batchjob.SimpleBatchJob    : Batch enabled? true
2018-07-02 17:46:22.483 DEBUG 23670 --- [    Test worker] i.h.s.m.batch.batchjob.SimpleBatchJob    : Spring database url: jdbc:h2:mem:multi-dev
2018-07-02 17:46:22.483  INFO 23670 --- [    Test worker] i.h.s.m.batch.batchjob.SimpleBatchJob    : BatchJob Enabled: true, Spring Database URL: jdbc:h2:mem:multi-dev
2018-07-02 17:46:22.617  INFO 23670 --- [    Test worker] i.h.s.multimodule.batch.DevProfilesTest  : Started DevProfilesTest in 0.687 seconds (JVM running for 3.84)
]]></system-out>
  <system-err><![CDATA[]]></system-err>
</testsuite>
